<?xml version="1.0" encoding="UTF-8"?>
<!-- Generated by org.testng.reporters.JUnitReportReporter -->
<testsuite hostname="LAPTOP-CO83C7E5" failures="0" tests="5" name="MainScript_calculator.Calculator" time="5.923" errors="0" timestamp="2022-03-22T17:54:53 IST" skipped="0">
  <testcase classname="MainScript_calculator.Calculator" name="browse" time="3.604"/>
  <system-out/>
  <testcase classname="MainScript_calculator.Calculator" name="Mul" time="0.518"/>
  <system-out/>
  <testcase classname="MainScript_calculator.Calculator" name="Div" time="0.517"/>
  <system-out/>
  <testcase classname="MainScript_calculator.Calculator" name="Add" time="0.613"/>
  <system-out/>
  <testcase classname="MainScript_calculator.Calculator" name="Sub" time="0.671"/>
  <system-out/>
</testsuite> <!-- MainScript_calculator.Calculator -->
