<?xml version="1.0" encoding="UTF-8"?>
<!-- Generated by org.testng.reporters.JUnitReportReporter -->
<testsuite hostname="LAPTOP-CO83C7E5" failures="0" tests="2" name="MainScript_calculator.login" time="14.846" errors="0" timestamp="2022-03-27T01:57:13 IST" skipped="0">
  <testcase classname="MainScript_calculator.login" name="browse" time="13.061"/>
  <system-out/>
  <testcase classname="MainScript_calculator.login" name="login_fun" time="1.785"/>
  <system-out/>
</testsuite> <!-- MainScript_calculator.login -->
