<?xml version="1.0" encoding="UTF-8"?>
<!-- Generated by org.testng.reporters.JUnitReportReporter -->
<testsuite hostname="LAPTOP-CO83C7E5" failures="0" tests="5" name="MainScript_calculator.Calculator" time="7.174" errors="0" timestamp="2021-12-08T21:57:07 IST" skipped="0">
  <testcase classname="MainScript_calculator.Calculator" name="browse" time="3.680"/>
  <system-out/>
  <testcase classname="MainScript_calculator.Calculator" name="Mul" time="0.699"/>
  <system-out/>
  <testcase classname="MainScript_calculator.Calculator" name="Div" time="0.741"/>
  <system-out/>
  <testcase classname="MainScript_calculator.Calculator" name="Add" time="0.985"/>
  <system-out/>
  <testcase classname="MainScript_calculator.Calculator" name="Sub" time="1.069"/>
  <system-out/>
</testsuite> <!-- MainScript_calculator.Calculator -->
