<?xml version="1.0" encoding="UTF-8"?>
<!-- Generated by org.testng.reporters.JUnitReportReporter -->
<testsuite hostname="LAPTOP-CO83C7E5" failures="0" tests="3" name="Runner_main.MainScript" time="17.946" errors="0" timestamp="2022-03-30T11:01:26 IST" skipped="0">
  <testcase classname="Runner_main.MainScript" name="browse" time="2.856"/>
  <system-out/>
  <testcase classname="Runner_main.MainScript" name="login_fun" time="4.793"/>
  <system-out/>
  <testcase classname="Runner_main.MainScript" name="search_fun" time="10.297"/>
  <system-out/>
</testsuite> <!-- Runner_main.MainScript -->
